{
  "RSpec": {
    "coverage": {
      "/Users/amyhunter/Desktop/solo-projects/reading-lists/app/helpers/application_helper.rb": [
        1,
        null
      ],
      "/Users/amyhunter/Desktop/solo-projects/reading-lists/app/helpers/books_helper.rb": [
        1,
        null
      ],
      "/Users/amyhunter/Desktop/solo-projects/reading-lists/app/helpers/reading_lists_helper.rb": [
        1,
        null
      ],
      "/Users/amyhunter/Desktop/solo-projects/reading-lists/app/helpers/reviews_helper.rb": [
        1,
        null
      ],
      "/Users/amyhunter/Desktop/solo-projects/reading-lists/app/controllers/books_controller.rb": [
        1,
        1,
        0,
        null,
        null,
        1,
        0,
        null,
        null,
        1,
        0,
        0,
        null,
        null,
        1,
        0,
        0,
        null,
        null,
        1,
        0,
        0,
        null,
        null,
        1,
        0,
        0,
        0,
        null,
        null,
        null,
        null,
        null,
        null,
        null,
        0,
        null,
        null,
        1,
        0,
        0,
        0,
        null,
        null,
        1,
        null,
        1,
        0,
        null,
        null,
        null
      ],
      "/Users/amyhunter/Desktop/solo-projects/reading-lists/app/controllers/application_controller.rb": [
        1,
        null,
        null,
        1,
        null
      ],
      "/Users/amyhunter/Desktop/solo-projects/reading-lists/app/controllers/reading_lists_controller.rb": [
        1,
        1,
        1,
        null,
        null,
        1,
        1,
        null,
        null,
        1,
        2,
        2,
        null,
        null,
        1,
        1,
        1,
        null,
        null,
        1,
        1,
        1,
        1,
        null,
        null,
        1,
        1,
        1,
        1,
        null,
        null,
        1,
        null,
        null,
        1,
        0,
        0,
        0,
        null,
        null,
        1,
        null,
        1,
        3,
        null,
        null,
        null
      ],
      "/Users/amyhunter/Desktop/solo-projects/reading-lists/app/models/book.rb": [
        1,
        1,
        1,
        null
      ],
      "/Users/amyhunter/Desktop/solo-projects/reading-lists/app/models/reading_list.rb": [
        1,
        1,
        null
      ],
      "/Users/amyhunter/Desktop/solo-projects/reading-lists/app/controllers/reviews_controller.rb": [
        0,
        0,
        0,
        0,
        0,
        0,
        0,
        0,
        0,
        0,
        0,
        0,
        0,
        0,
        0,
        0,
        0,
        0,
        0,
        0
      ],
      "/Users/amyhunter/Desktop/solo-projects/reading-lists/app/models/review.rb": [
        0,
        0,
        0
      ]
    },
    "timestamp": 1451516418
  }
}
