{
  "RSpec": {
    "coverage": {
      "/Users/katherinedefliese/Documents/Ada_homework/project-forks/reading-lists/app/helpers/application_helper.rb": [
        1,
        null
      ],
      "/Users/katherinedefliese/Documents/Ada_homework/project-forks/reading-lists/app/helpers/books_helper.rb": [
        1,
        null
      ],
      "/Users/katherinedefliese/Documents/Ada_homework/project-forks/reading-lists/app/helpers/reading_lists_helper.rb": [
        1,
        null
      ],
      "/Users/katherinedefliese/Documents/Ada_homework/project-forks/reading-lists/app/controllers/books_controller.rb": [
        1,
        1,
        0,
        null,
        null,
        1,
        0,
        null,
        null,
        1,
        0,
        0,
        null,
        null,
        1,
        0,
        0,
        null,
        null,
        1,
        0,
        0,
        null,
        null,
        1,
        0,
        0,
        0,
        null,
        null,
        null,
        null,
        null,
        null,
        0,
        null,
        null,
        1,
        0,
        0,
        0,
        null,
        null,
        1,
        null,
        1,
        0,
        null,
        null,
        null
      ],
      "/Users/katherinedefliese/Documents/Ada_homework/project-forks/reading-lists/app/controllers/application_controller.rb": [
        1,
        null,
        null,
        1,
        null
      ],
      "/Users/katherinedefliese/Documents/Ada_homework/project-forks/reading-lists/app/controllers/reading_lists_controller.rb": [
        1,
        1,
        0,
        null,
        null,
        1,
        0,
        null,
        null,
        1,
        0,
        0,
        null,
        null,
        1,
        0,
        0,
        null,
        null,
        1,
        0,
        0,
        0,
        null,
        null,
        1,
        0,
        0,
        0,
        null,
        null,
        0,
        null,
        null,
        1,
        0,
        0,
        0,
        null,
        null,
        1,
        null,
        1,
        0,
        null,
        null,
        null
      ],
      "/Users/katherinedefliese/Documents/Ada_homework/project-forks/reading-lists/app/models/book.rb": [
        1,
        1,
        null
      ],
      "/Users/katherinedefliese/Documents/Ada_homework/project-forks/reading-lists/app/models/reading_list.rb": [
        1,
        1,
        null
      ]
    },
    "timestamp": 1451339351
  }
}
